<component name="libraryTable">
  <library name="junit-4.11">
    <ANNOTATIONS>
      <root url="file://$APPLICATION_HOME_DIR$/plugins/junit/lib" />
    </ANNOTATIONS>
    <CLASSES>
      <root url="jar://$APPLICATION_HOME_DIR$/lib/junit-4.11.jar!/" />
      <root url="jar://$APPLICATION_HOME_DIR$/lib/hamcrest-core-1.3.jar!/" />
    </CLASSES>
    <JAVADOC />
    <SOURCES />
  </library>
</component>